<?xml version="1.0" encoding="UTF-8"?>
<coverage generated="1750639519683" clover="3.2.0">
  <project timestamp="1750639519683" name="All files">
    <metrics statements="49" coveredstatements="47" conditionals="41" coveredconditionals="35" methods="16" coveredmethods="16" elements="106" coveredelements="98" complexity="0" loc="49" ncloc="49" packages="4" files="4" classes="4"/>
    <package name="src">
      <metrics statements="38" coveredstatements="36" conditionals="26" coveredconditionals="20" methods="8" coveredmethods="8"/>
      <file name="App.tsx" path="/Users/mdnadeem_asgar@optum.com/Desktop/myApp/src/App.tsx">
        <metrics statements="38" coveredstatements="36" conditionals="26" coveredconditionals="20" methods="8" coveredmethods="8"/>
        <line num="19" count="1" type="stmt"/>
        <line num="20" count="38" type="stmt"/>
        <line num="22" count="38" type="stmt"/>
        <line num="30" count="38" type="stmt"/>
        <line num="32" count="38" type="stmt"/>
        <line num="33" count="38" type="stmt"/>
        <line num="34" count="38" type="stmt"/>
        <line num="36" count="38" type="stmt"/>
        <line num="37" count="20" type="stmt"/>
        <line num="38" count="20" type="stmt"/>
        <line num="39" count="20" type="cond" truecount="1" falsecount="1"/>
        <line num="40" count="20" type="cond" truecount="2" falsecount="0"/>
        <line num="41" count="20" type="cond" truecount="2" falsecount="0"/>
        <line num="42" count="20" type="stmt"/>
        <line num="45" count="38" type="stmt"/>
        <line num="46" count="10" type="stmt"/>
        <line num="47" count="10" type="stmt"/>
        <line num="48" count="10" type="stmt"/>
        <line num="55" count="38" type="stmt"/>
        <line num="56" count="10" type="stmt"/>
        <line num="57" count="10" type="stmt"/>
        <line num="64" count="38" type="stmt"/>
        <line num="66" count="2" type="stmt"/>
        <line num="67" count="2" type="cond" truecount="1" falsecount="1"/>
        <line num="70" count="38" type="stmt"/>
        <line num="71" count="1" type="stmt"/>
        <line num="72" count="1" type="stmt"/>
        <line num="77" count="1" type="stmt"/>
        <line num="78" count="1" type="stmt"/>
        <line num="81" count="38" type="stmt"/>
        <line num="115" count="2" type="stmt"/>
        <line num="116" count="2" type="stmt"/>
        <line num="117" count="2" type="cond" truecount="1" falsecount="1"/>
        <line num="118" count="0" type="stmt"/>
        <line num="120" count="2" type="cond" truecount="1" falsecount="1"/>
        <line num="121" count="0" type="stmt"/>
        <line num="123" count="2" type="stmt"/>
        <line num="173" count="2" type="cond" truecount="1" falsecount="1"/>
      </file>
    </package>
    <package name="src.components.CheckBox">
      <metrics statements="3" coveredstatements="3" conditionals="4" coveredconditionals="4" methods="2" coveredmethods="2"/>
      <file name="index.tsx" path="/Users/mdnadeem_asgar@optum.com/Desktop/myApp/src/components/CheckBox/index.tsx">
        <metrics statements="3" coveredstatements="3" conditionals="4" coveredconditionals="4" methods="2" coveredmethods="2"/>
        <line num="17" count="2" type="stmt"/>
        <line num="23" count="5" type="stmt"/>
        <line num="25" count="16" type="stmt"/>
      </file>
    </package>
    <package name="src.components.FormInput">
      <metrics statements="5" coveredstatements="5" conditionals="7" coveredconditionals="7" methods="4" coveredmethods="4"/>
      <file name="index.tsx" path="/Users/mdnadeem_asgar@optum.com/Desktop/myApp/src/components/FormInput/index.tsx">
        <metrics statements="5" coveredstatements="5" conditionals="7" coveredconditionals="7" methods="4" coveredmethods="4"/>
        <line num="14" count="2" type="stmt"/>
        <line num="23" count="80" type="stmt"/>
        <line num="33" count="1" type="stmt"/>
        <line num="34" count="1" type="stmt"/>
        <line num="35" count="1" type="stmt"/>
      </file>
    </package>
    <package name="src.components.RadioGroup">
      <metrics statements="3" coveredstatements="3" conditionals="4" coveredconditionals="4" methods="2" coveredmethods="2"/>
      <file name="index.tsx" path="/Users/mdnadeem_asgar@optum.com/Desktop/myApp/src/components/RadioGroup/index.tsx">
        <metrics statements="3" coveredstatements="3" conditionals="4" coveredconditionals="4" methods="2" coveredmethods="2"/>
        <line num="17" count="2" type="stmt"/>
        <line num="23" count="78" type="stmt"/>
        <line num="26" count="156" type="stmt"/>
      </file>
    </package>
  </project>
</coverage>
