{"/Users/mdnadeem_asgar@optum.com/Desktop/myApp/src/App.tsx": {"path":"/Users/mdnadeem_asgar@optum.com/Desktop/myApp/src/App.tsx","statementMap":{"0":{"start":{"line":19,"column":12},"end":{"line":239,"column":1}},"1":{"start":{"line":20,"column":46},"end":{"line":20,"column":66}},"2":{"start":{"line":22,"column":4},"end":{"line":28,"column":6}},"3":{"start":{"line":30,"column":21},"end":{"line":30,"column":30}},"4":{"start":{"line":32,"column":16},"end":{"line":32,"column":30}},"5":{"start":{"line":33,"column":22},"end":{"line":33,"column":45}},"6":{"start":{"line":34,"column":22},"end":{"line":34,"column":45}},"7":{"start":{"line":36,"column":22},"end":{"line":43,"column":3}},"8":{"start":{"line":37,"column":19},"end":{"line":37,"column":56}},"9":{"start":{"line":38,"column":28},"end":{"line":38,"column":30}},"10":{"start":{"line":39,"column":4},"end":{"line":39,"column":64}},"11":{"start":{"line":39,"column":27},"end":{"line":39,"column":64}},"12":{"start":{"line":40,"column":4},"end":{"line":40,"column":66}},"13":{"start":{"line":40,"column":28},"end":{"line":40,"column":66}},"14":{"start":{"line":41,"column":4},"end":{"line":41,"column":66}},"15":{"start":{"line":41,"column":28},"end":{"line":41,"column":66}},"16":{"start":{"line":42,"column":4},"end":{"line":42,"column":26}},"17":{"start":{"line":45,"column":28},"end":{"line":53,"column":3}},"18":{"start":{"line":46,"column":22},"end":{"line":46,"column":49}},"19":{"start":{"line":47,"column":4},"end":{"line":47,"column":45}},"20":{"start":{"line":48,"column":4},"end":{"line":52,"column":7}},"21":{"start":{"line":55,"column":30},"end":{"line":62,"column":3}},"22":{"start":{"line":56,"column":22},"end":{"line":56,"column":49}},"23":{"start":{"line":57,"column":4},"end":{"line":61,"column":7}},"24":{"start":{"line":64,"column":29},"end":{"line":68,"column":3}},"25":{"start":{"line":66,"column":19},"end":{"line":66,"column":43}},"26":{"start":{"line":67,"column":4},"end":{"line":67,"column":78}},"27":{"start":{"line":70,"column":19},"end":{"line":79,"column":3}},"28":{"start":{"line":71,"column":4},"end":{"line":71,"column":22}},"29":{"start":{"line":72,"column":4},"end":{"line":76,"column":6}},"30":{"start":{"line":77,"column":4},"end":{"line":77,"column":54}},"31":{"start":{"line":78,"column":4},"end":{"line":78,"column":12}},"32":{"start":{"line":81,"column":2},"end":{"line":238,"column":4}},"33":{"start":{"line":115,"column":31},"end":{"line":115,"column":55}},"34":{"start":{"line":116,"column":39},"end":{"line":116,"column":64}},"35":{"start":{"line":117,"column":16},"end":{"line":119,"column":17}},"36":{"start":{"line":118,"column":18},"end":{"line":118,"column":67}},"37":{"start":{"line":120,"column":16},"end":{"line":122,"column":17}},"38":{"start":{"line":121,"column":18},"end":{"line":121,"column":54}},"39":{"start":{"line":123,"column":16},"end":{"line":123,"column":28}},"40":{"start":{"line":173,"column":22},"end":{"line":173,"column":78}}},"fnMap":{"0":{"name":"(anonymous_0)","decl":{"start":{"line":19,"column":12},"end":{"line":19,"column":13}},"loc":{"start":{"line":19,"column":18},"end":{"line":239,"column":1}},"line":19},"1":{"name":"(anonymous_1)","decl":{"start":{"line":36,"column":22},"end":{"line":36,"column":23}},"loc":{"start":{"line":36,"column":41},"end":{"line":43,"column":3}},"line":36},"2":{"name":"(anonymous_2)","decl":{"start":{"line":45,"column":28},"end":{"line":45,"column":29}},"loc":{"start":{"line":45,"column":72},"end":{"line":53,"column":3}},"line":45},"3":{"name":"(anonymous_3)","decl":{"start":{"line":55,"column":30},"end":{"line":55,"column":31}},"loc":{"start":{"line":55,"column":74},"end":{"line":62,"column":3}},"line":55},"4":{"name":"(anonymous_4)","decl":{"start":{"line":64,"column":29},"end":{"line":64,"column":30}},"loc":{"start":{"line":64,"column":48},"end":{"line":68,"column":3}},"line":64},"5":{"name":"(anonymous_5)","decl":{"start":{"line":70,"column":19},"end":{"line":70,"column":20}},"loc":{"start":{"line":70,"column":40},"end":{"line":79,"column":3}},"line":70},"6":{"name":"(anonymous_6)","decl":{"start":{"line":114,"column":24},"end":{"line":114,"column":25}},"loc":{"start":{"line":114,"column":35},"end":{"line":124,"column":15}},"line":114},"7":{"name":"(anonymous_7)","decl":{"start":{"line":172,"column":30},"end":{"line":172,"column":31}},"loc":{"start":{"line":173,"column":22},"end":{"line":173,"column":78}},"line":173}},"branchMap":{"0":{"loc":{"start":{"line":39,"column":4},"end":{"line":39,"column":64}},"type":"if","locations":[{"start":{"line":39,"column":4},"end":{"line":39,"column":64}},{"start":{},"end":{}}],"line":39},"1":{"loc":{"start":{"line":40,"column":4},"end":{"line":40,"column":66}},"type":"if","locations":[{"start":{"line":40,"column":4},"end":{"line":40,"column":66}},{"start":{},"end":{}}],"line":40},"2":{"loc":{"start":{"line":41,"column":4},"end":{"line":41,"column":66}},"type":"if","locations":[{"start":{"line":41,"column":4},"end":{"line":41,"column":66}},{"start":{},"end":{}}],"line":41},"3":{"loc":{"start":{"line":67,"column":11},"end":{"line":67,"column":77}},"type":"binary-expr","locations":[{"start":{"line":67,"column":11},"end":{"line":67,"column":32}},{"start":{"line":67,"column":36},"end":{"line":67,"column":77}}],"line":67},"4":{"loc":{"start":{"line":117,"column":16},"end":{"line":119,"column":17}},"type":"if","locations":[{"start":{"line":117,"column":16},"end":{"line":119,"column":17}},{"start":{},"end":{}}],"line":117},"5":{"loc":{"start":{"line":120,"column":16},"end":{"line":122,"column":17}},"type":"if","locations":[{"start":{"line":120,"column":16},"end":{"line":122,"column":17}},{"start":{},"end":{}}],"line":120},"6":{"loc":{"start":{"line":139,"column":14},"end":{"line":139,"column":72}},"type":"cond-expr","locations":[{"start":{"line":139,"column":38},"end":{"line":139,"column":60}},{"start":{"line":139,"column":63},"end":{"line":139,"column":72}}],"line":139},"7":{"loc":{"start":{"line":157,"column":13},"end":{"line":177,"column":13}},"type":"binary-expr","locations":[{"start":{"line":157,"column":13},"end":{"line":157,"column":35}},{"start":{"line":158,"column":14},"end":{"line":176,"column":25}}],"line":157},"8":{"loc":{"start":{"line":159,"column":34},"end":{"line":159,"column":78}},"type":"cond-expr","locations":[{"start":{"line":159,"column":51},"end":{"line":159,"column":66}},{"start":{"line":159,"column":69},"end":{"line":159,"column":78}}],"line":159},"9":{"loc":{"start":{"line":173,"column":22},"end":{"line":173,"column":78}},"type":"binary-expr","locations":[{"start":{"line":173,"column":22},"end":{"line":173,"column":39}},{"start":{"line":173,"column":43},"end":{"line":173,"column":78}}],"line":173},"10":{"loc":{"start":{"line":185,"column":14},"end":{"line":185,"column":72}},"type":"cond-expr","locations":[{"start":{"line":185,"column":38},"end":{"line":185,"column":60}},{"start":{"line":185,"column":63},"end":{"line":185,"column":72}}],"line":185},"11":{"loc":{"start":{"line":203,"column":13},"end":{"line":221,"column":13}},"type":"binary-expr","locations":[{"start":{"line":203,"column":13},"end":{"line":203,"column":35}},{"start":{"line":204,"column":14},"end":{"line":220,"column":25}}],"line":203},"12":{"loc":{"start":{"line":229,"column":9},"end":{"line":233,"column":9}},"type":"binary-expr","locations":[{"start":{"line":229,"column":9},"end":{"line":229,"column":23}},{"start":{"line":230,"column":10},"end":{"line":232,"column":14}}],"line":229}},"s":{"0":1,"1":38,"2":38,"3":38,"4":38,"5":38,"6":38,"7":38,"8":20,"9":20,"10":20,"11":20,"12":20,"13":16,"14":20,"15":10,"16":20,"17":38,"18":10,"19":10,"20":10,"21":38,"22":10,"23":10,"24":38,"25":2,"26":2,"27":38,"28":1,"29":1,"30":1,"31":1,"32":38,"33":2,"34":2,"35":2,"36":0,"37":2,"38":0,"39":2,"40":2},"f":{"0":38,"1":20,"2":10,"3":10,"4":2,"5":1,"6":2,"7":2},"b":{"0":[20,0],"1":[16,4],"2":[10,10],"3":[2,0],"4":[0,2],"5":[0,2],"6":[1,37],"7":[38,2],"8":[0,2],"9":[2,0],"10":[1,37],"11":[38,1],"12":[38,1]},"_coverageSchema":"1a1c01bbd47fc00a2c39e90264f33305004495a9","hash":"ffd0cea6cf598129f1dcddeb5dcf2a52890b2d87"}
,"/Users/mdnadeem_asgar@optum.com/Desktop/myApp/src/components/CheckBox/index.tsx": {"path":"/Users/mdnadeem_asgar@optum.com/Desktop/myApp/src/components/CheckBox/index.tsx","statementMap":{"0":{"start":{"line":17,"column":47},"end":{"line":47,"column":1}},"1":{"start":{"line":23,"column":2},"end":{"line":46,"column":5}},"2":{"start":{"line":25,"column":6},"end":{"line":34,"column":12}}},"fnMap":{"0":{"name":"(anonymous_0)","decl":{"start":{"line":17,"column":47},"end":{"line":17,"column":48}},"loc":{"start":{"line":23,"column":2},"end":{"line":46,"column":5}},"line":23},"1":{"name":"(anonymous_1)","decl":{"start":{"line":24,"column":25},"end":{"line":24,"column":26}},"loc":{"start":{"line":25,"column":6},"end":{"line":34,"column":12}},"line":25}},"branchMap":{"0":{"loc":{"start":{"line":31,"column":24},"end":{"line":31,"column":48}},"type":"cond-expr","locations":[{"start":{"line":31,"column":32},"end":{"line":31,"column":38}},{"start":{"line":31,"column":41},"end":{"line":31,"column":48}}],"line":31},"1":{"loc":{"start":{"line":36,"column":5},"end":{"line":45,"column":5}},"type":"binary-expr","locations":[{"start":{"line":36,"column":5},"end":{"line":36,"column":10}},{"start":{"line":37,"column":6},"end":{"line":44,"column":10}}],"line":36}},"s":{"0":2,"1":5,"2":16},"f":{"0":5,"1":16},"b":{"0":[2,14],"1":[5,1]},"_coverageSchema":"1a1c01bbd47fc00a2c39e90264f33305004495a9","hash":"1179c92fcaa7e5ef854f14ddcc02cab73e859bed"}
,"/Users/mdnadeem_asgar@optum.com/Desktop/myApp/src/components/FormInput/index.tsx": {"path":"/Users/mdnadeem_asgar@optum.com/Desktop/myApp/src/components/FormInput/index.tsx","statementMap":{"0":{"start":{"line":14,"column":44},"end":{"line":48,"column":1}},"1":{"start":{"line":23,"column":2},"end":{"line":47,"column":5}},"2":{"start":{"line":33,"column":20},"end":{"line":33,"column":38}},"3":{"start":{"line":34,"column":21},"end":{"line":34,"column":39}},"4":{"start":{"line":35,"column":22},"end":{"line":35,"column":40}}},"fnMap":{"0":{"name":"(anonymous_0)","decl":{"start":{"line":14,"column":44},"end":{"line":14,"column":45}},"loc":{"start":{"line":23,"column":2},"end":{"line":47,"column":5}},"line":23},"1":{"name":"(anonymous_1)","decl":{"start":{"line":33,"column":13},"end":{"line":33,"column":14}},"loc":{"start":{"line":33,"column":20},"end":{"line":33,"column":38}},"line":33},"2":{"name":"(anonymous_2)","decl":{"start":{"line":34,"column":14},"end":{"line":34,"column":15}},"loc":{"start":{"line":34,"column":21},"end":{"line":34,"column":39}},"line":34},"3":{"name":"(anonymous_3)","decl":{"start":{"line":35,"column":15},"end":{"line":35,"column":16}},"loc":{"start":{"line":35,"column":22},"end":{"line":35,"column":40}},"line":35}},"branchMap":{"0":{"loc":{"start":{"line":17,"column":2},"end":{"line":17,"column":15}},"type":"default-arg","locations":[{"start":{"line":17,"column":9},"end":{"line":17,"column":15}}],"line":17},"1":{"loc":{"start":{"line":29,"column":20},"end":{"line":29,"column":44}},"type":"cond-expr","locations":[{"start":{"line":29,"column":28},"end":{"line":29,"column":34}},{"start":{"line":29,"column":37},"end":{"line":29,"column":44}}],"line":29},"2":{"loc":{"start":{"line":30,"column":24},"end":{"line":30,"column":57}},"type":"cond-expr","locations":[{"start":{"line":30,"column":32},"end":{"line":30,"column":45}},{"start":{"line":30,"column":48},"end":{"line":30,"column":57}}],"line":30},"3":{"loc":{"start":{"line":37,"column":5},"end":{"line":46,"column":5}},"type":"binary-expr","locations":[{"start":{"line":37,"column":5},"end":{"line":37,"column":10}},{"start":{"line":38,"column":6},"end":{"line":45,"column":10}}],"line":37}},"s":{"0":2,"1":80,"2":1,"3":1,"4":1},"f":{"0":80,"1":1,"2":1,"3":1},"b":{"0":[4],"1":[28,52],"2":[28,52],"3":[80,28]},"_coverageSchema":"1a1c01bbd47fc00a2c39e90264f33305004495a9","hash":"c8483578baaa49180077e80669319d19c0d49e2a"}
,"/Users/mdnadeem_asgar@optum.com/Desktop/myApp/src/components/RadioGroup/index.tsx": {"path":"/Users/mdnadeem_asgar@optum.com/Desktop/myApp/src/components/RadioGroup/index.tsx","statementMap":{"0":{"start":{"line":17,"column":46},"end":{"line":49,"column":1}},"1":{"start":{"line":23,"column":2},"end":{"line":48,"column":4}},"2":{"start":{"line":26,"column":8},"end":{"line":35,"column":25}}},"fnMap":{"0":{"name":"(anonymous_0)","decl":{"start":{"line":17,"column":46},"end":{"line":17,"column":47}},"loc":{"start":{"line":22,"column":6},"end":{"line":49,"column":1}},"line":22},"1":{"name":"(anonymous_1)","decl":{"start":{"line":25,"column":24},"end":{"line":25,"column":25}},"loc":{"start":{"line":26,"column":8},"end":{"line":35,"column":25}},"line":26}},"branchMap":{"0":{"loc":{"start":{"line":32,"column":26},"end":{"line":32,"column":50}},"type":"cond-expr","locations":[{"start":{"line":32,"column":34},"end":{"line":32,"column":40}},{"start":{"line":32,"column":43},"end":{"line":32,"column":50}}],"line":32},"1":{"loc":{"start":{"line":37,"column":7},"end":{"line":46,"column":7}},"type":"binary-expr","locations":[{"start":{"line":37,"column":7},"end":{"line":37,"column":12}},{"start":{"line":38,"column":8},"end":{"line":45,"column":12}}],"line":37}},"s":{"0":2,"1":78,"2":156},"f":{"0":78,"1":156},"b":{"0":[6,150],"1":[78,3]},"_coverageSchema":"1a1c01bbd47fc00a2c39e90264f33305004495a9","hash":"262cd828972bb1cbad743d9433c91ec3e263342e"}
}
