TN:
SF:src/App.tsx
FN:19,(anonymous_0)
FN:36,(anonymous_1)
FN:45,(anonymous_2)
FN:55,(anonymous_3)
FN:64,(anonymous_4)
FN:70,(anonymous_5)
FN:114,(anonymous_6)
FN:172,(anonymous_7)
FNF:8
FNH:8
FNDA:38,(anonymous_0)
FNDA:20,(anonymous_1)
FNDA:10,(anonymous_2)
FNDA:10,(anonymous_3)
FNDA:2,(anonymous_4)
FNDA:1,(anonymous_5)
FNDA:2,(anonymous_6)
FNDA:2,(anonymous_7)
DA:19,1
DA:20,38
DA:22,38
DA:30,38
DA:32,38
DA:33,38
DA:34,38
DA:36,38
DA:37,20
DA:38,20
DA:39,20
DA:40,20
DA:41,20
DA:42,20
DA:45,38
DA:46,10
DA:47,10
DA:48,10
DA:55,38
DA:56,10
DA:57,10
DA:64,38
DA:66,2
DA:67,2
DA:70,38
DA:71,1
DA:72,1
DA:77,1
DA:78,1
DA:81,38
DA:115,2
DA:116,2
DA:117,2
DA:118,0
DA:120,2
DA:121,0
DA:123,2
DA:173,2
LF:38
LH:36
BRDA:39,0,0,20
BRDA:39,0,1,0
BRDA:40,1,0,16
BRDA:40,1,1,4
BRDA:41,2,0,10
BRDA:41,2,1,10
BRDA:67,3,0,2
BRDA:67,3,1,0
BRDA:117,4,0,0
BRDA:117,4,1,2
BRDA:120,5,0,0
BRDA:120,5,1,2
BRDA:139,6,0,1
BRDA:139,6,1,37
BRDA:157,7,0,38
BRDA:157,7,1,2
BRDA:159,8,0,0
BRDA:159,8,1,2
BRDA:173,9,0,2
BRDA:173,9,1,0
BRDA:185,10,0,1
BRDA:185,10,1,37
BRDA:203,11,0,38
BRDA:203,11,1,1
BRDA:229,12,0,38
BRDA:229,12,1,1
BRF:26
BRH:20
end_of_record
TN:
SF:src/components/CheckBox/index.tsx
FN:17,(anonymous_0)
FN:24,(anonymous_1)
FNF:2
FNH:2
FNDA:5,(anonymous_0)
FNDA:16,(anonymous_1)
DA:17,2
DA:23,5
DA:25,16
LF:3
LH:3
BRDA:31,0,0,2
BRDA:31,0,1,14
BRDA:36,1,0,5
BRDA:36,1,1,1
BRF:4
BRH:4
end_of_record
TN:
SF:src/components/FormInput/index.tsx
FN:14,(anonymous_0)
FN:33,(anonymous_1)
FN:34,(anonymous_2)
FN:35,(anonymous_3)
FNF:4
FNH:4
FNDA:80,(anonymous_0)
FNDA:1,(anonymous_1)
FNDA:1,(anonymous_2)
FNDA:1,(anonymous_3)
DA:14,2
DA:23,80
DA:33,1
DA:34,1
DA:35,1
LF:5
LH:5
BRDA:17,0,0,4
BRDA:29,1,0,28
BRDA:29,1,1,52
BRDA:30,2,0,28
BRDA:30,2,1,52
BRDA:37,3,0,80
BRDA:37,3,1,28
BRF:7
BRH:7
end_of_record
TN:
SF:src/components/RadioGroup/index.tsx
FN:17,(anonymous_0)
FN:25,(anonymous_1)
FNF:2
FNH:2
FNDA:78,(anonymous_0)
FNDA:156,(anonymous_1)
DA:17,2
DA:23,78
DA:26,156
LF:3
LH:3
BRDA:32,0,0,6
BRDA:32,0,1,150
BRDA:37,1,0,78
BRDA:37,1,1,3
BRF:4
BRH:4
end_of_record
